69,seed1,blending,0.533
70,seed1,active,1.000
71,seed1,active,1.000
72,seed1,active,1.000
73,seed1,active,1.000
74,seed1,active,1.000
75,seed1,active,1.000
76,seed1,active,1.000
77,seed1,active,1.000
78,seed1,active,1.000
79,seed1,active,1.000
80,seed1,active,1.000
81,seed1,active,1.000
82,seed1,active,1.000
83,seed1,active,1.000
84,seed1,active,1.000
85,seed1,active,1.000
86,seed1,active,1.000
87,seed1,active,1.000
88,seed1,active,1.000
89,seed1,active,1.000
90,seed1,active,1.000
91,seed1,active,1.000
92,seed1,active,1.000
93,seed1,active,1.000
94,seed1,active,1.000
95,seed1,active,1.000
96,seed1,active,1.000
97,seed1,active,1.000
98,seed1,active,1.000
99,seed1,active,1.000
100,seed1,active,1.000
101,seed1,active,1.000
102,seed1,active,1.000
103,seed1,active,1.000
104,seed1,active,1.000
105,seed1,active,1.000
106,seed1,active,1.000
107,seed1,active,1.000
108,seed1,active,1.000
109,seed1,active,1.000
110,seed1,active,1.000
111,seed1,active,1.000
112,seed1,active,1.000
112,seed3,blending,0.533
113,seed1,active,1.000
113,seed3,active,1.000
114,seed1,active,1.000
114,seed3,active,1.000
115,seed1,active,1.000
115,seed3,active,1.000
116,seed1,active,1.000
116,seed3,active,1.000
117,seed1,active,1.000
117,seed3,active,1.000
118,seed1,active,1.000
118,seed3,active,1.000
119,seed1,active,1.000
119,seed3,active,1.000
120,seed1,active,1.000
120,seed3,active,1.000
121,seed1,active,1.000
121,seed3,active,1.000
122,seed1,active,1.000
122,seed3,active,1.000
123,seed1,active,1.000
123,seed3,active,1.000
124,seed1,active,1.000
124,seed3,active,1.000
125,seed1,active,1.000
125,seed3,active,1.000
126,seed1,active,1.000
126,seed3,active,1.000
127,seed1,active,1.000
127,seed3,active,1.000
128,seed1,active,1.000
128,seed3,active,1.000
129,seed1,active,1.000
129,seed3,active,1.000
130,seed1,active,1.000
130,seed3,active,1.000
131,seed1,active,1.000
131,seed3,active,1.000
132,seed1,active,1.000
132,seed3,active,1.000
133,seed1,active,1.000
133,seed3,active,1.000
134,seed1,active,1.000
134,seed3,active,1.000
135,seed1,active,1.000
135,seed3,active,1.000
136,seed1,active,1.000
136,seed3,active,1.000
137,seed1,active,1.000
137,seed3,active,1.000
138,seed1,active,1.000
138,seed3,active,1.000
139,seed1,active,1.000
139,seed3,active,1.000
140,seed1,active,1.000
140,seed3,active,1.000
141,seed1,active,1.000
141,seed3,active,1.000
142,seed1,active,1.000
142,seed3,active,1.000
143,seed1,active,1.000
143,seed3,active,1.000
144,seed1,active,1.000
144,seed3,active,1.000
145,seed1,active,1.000
145,seed3,active,1.000
146,seed1,active,1.000
146,seed3,active,1.000
147,seed1,active,1.000
147,seed3,active,1.000
148,seed1,active,1.000
148,seed3,active,1.000
149,seed1,active,1.000
149,seed3,active,1.000
149,seed8,blending,0.533
150,seed1,active,1.000
150,seed3,active,1.000
150,seed8,active,1.000
151,seed1,active,1.000
151,seed3,active,1.000
151,seed8,active,1.000
152,seed1,active,1.000
152,seed3,active,1.000
152,seed8,active,1.000
153,seed1,active,1.000
153,seed3,active,1.000
153,seed8,active,1.000
154,seed1,active,1.000
154,seed3,active,1.000
154,seed8,active,1.000
155,seed1,active,1.000
155,seed3,active,1.000
155,seed8,active,1.000
156,seed1,active,1.000
156,seed3,active,1.000
156,seed8,active,1.000
157,seed1,active,1.000
157,seed3,active,1.000
157,seed8,active,1.000
158,seed1,active,1.000
158,seed3,active,1.000
158,seed8,active,1.000
159,seed1,active,1.000
159,seed3,active,1.000
159,seed8,active,1.000
160,seed1,active,1.000
160,seed3,active,1.000
160,seed8,active,1.000
161,seed1,active,1.000
161,seed3,active,1.000
161,seed8,active,1.000
162,seed1,active,1.000
162,seed3,active,1.000
162,seed8,active,1.000
163,seed1,active,1.000
163,seed3,active,1.000
163,seed8,active,1.000
164,seed1,active,1.000
164,seed3,active,1.000
164,seed8,active,1.000
165,seed1,active,1.000
165,seed3,active,1.000
165,seed8,active,1.000
166,seed1,active,1.000
166,seed3,active,1.000
166,seed8,active,1.000
167,seed1,active,1.000
167,seed3,active,1.000
167,seed8,active,1.000
168,seed1,active,1.000
168,seed3,active,1.000
168,seed8,active,1.000
169,seed1,active,1.000
169,seed3,active,1.000
169,seed8,active,1.000
170,seed1,active,1.000
170,seed3,active,1.000
170,seed8,active,1.000
171,seed1,active,1.000
171,seed3,active,1.000
171,seed8,active,1.000
172,seed1,active,1.000
172,seed3,active,1.000
172,seed8,active,1.000
173,seed1,active,1.000
173,seed3,active,1.000
173,seed8,active,1.000
174,seed1,active,1.000
174,seed3,active,1.000
174,seed8,active,1.000
175,seed1,active,1.000
175,seed3,active,1.000
175,seed8,active,1.000
176,seed1,active,1.000
176,seed3,active,1.000
176,seed8,active,1.000
177,seed1,active,1.000
177,seed3,active,1.000
177,seed8,active,1.000
178,seed1,active,1.000
178,seed3,active,1.000
178,seed8,active,1.000
179,seed1,active,1.000
179,seed3,active,1.000
179,seed8,active,1.000
180,seed1,active,1.000
180,seed3,active,1.000
180,seed8,active,1.000
181,seed1,active,1.000
181,seed3,active,1.000
181,seed8,active,1.000
182,seed1,active,1.000
182,seed3,active,1.000
182,seed8,active,1.000
183,seed1,active,1.000
183,seed3,active,1.000
183,seed8,active,1.000
184,seed1,active,1.000
184,seed3,active,1.000
184,seed8,active,1.000
185,seed1,active,1.000
185,seed3,active,1.000
185,seed8,active,1.000
